[Sat Apr 18 18:41:29 2026] PHP 8.3.6 Development Server (http://localhost:8000) started
[Sat Apr 18 18:44:11 2026] [::1]:52192 Accepted
[Sat Apr 18 18:44:13 2026] [::1]:52192 [200]: GET /
[Sat Apr 18 18:44:13 2026] [::1]:52192 Closing
[Sat Apr 18 18:44:13 2026] [::1]:52200 Accepted
[Sat Apr 18 18:44:13 2026] [::1]:52204 Accepted
[Sat Apr 18 18:44:13 2026] [::1]:52208 Accepted
[Sat Apr 18 18:44:13 2026] [::1]:52200 [200]: GET /build/app.d096a180.css
[Sat Apr 18 18:44:13 2026] [::1]:52204 [200]: GET /_wdt/styles
[Sat Apr 18 18:44:13 2026] [::1]:52204 Closing
[Sat Apr 18 18:44:13 2026] [::1]:52208 [200]: GET /build/runtime.a2a6d7e2.js
[Sat Apr 18 18:44:13 2026] [::1]:52200 Closing
[Sat Apr 18 18:44:13 2026] [::1]:52208 Closing
[Sat Apr 18 18:44:13 2026] [::1]:52218 Accepted
[Sat Apr 18 18:44:13 2026] [::1]:52218 [200]: GET /build/775.baa345fb.js
[Sat Apr 18 18:44:13 2026] [::1]:52218 Closing
[Sat Apr 18 18:44:13 2026] [::1]:52232 Accepted
[Sat Apr 18 18:44:13 2026] [::1]:52232 [200]: GET /build/app.773c36c2.js
[Sat Apr 18 18:44:13 2026] [::1]:52232 Closing
[Sat Apr 18 18:44:14 2026] [::1]:52248 Accepted
[Sat Apr 18 18:44:14 2026] [::1]:52248 [200]: GET /_wdt/935500?XDEBUG_IGNORE=1
[Sat Apr 18 18:44:14 2026] [::1]:52248 Closing
